==2020-06-16 14:34:42 [8]====================
* 白糖今日人品值为[84]
* 咕今日人品值为[21]
==2020-06-17 11:59:09 [8]====================
* 白糖[3426285834]今日人品值为[89]
* 咕[1051835124]今日人品值为[68]
==2020-06-18 20:19:07 [8]====================
* Tiny White[3426285834]今日人品值为[70]
* ♠️ZhuoQianGG[420595892]今日人品值为[51]
* 珈百璃[1051835124]今日人品值为[99]
* muri单推人[1156477720]今日人品值为[82]
* kamimomo[1085548179]今日人品值为[44]
* 桃星裂空座[752945812]今日人品值为[84]
* 大家好我是火星来的废物[1193607510]今日人品值为[100]
* 泠[407670050]今日人品值为[75]
* ZhuoqianGG[1729764254]今日人品值为[64]
* kamimomo[925502038]今日人品值为[53]
* hitwoman idol[879351989]今日人品值为[53]
==2020-06-20 10:28:04 [8]====================
* Tiny White[3426285834]今日人品值为[66]
* 泠[407670050]今日人品值为[61]
* 鵺[752945812]今日人品值为[94]
* 珈百璃[1051835124]今日人品值为[23]
==2020-06-21 07:47:17 [8]====================
* 珈百璃[1051835124]今日人品值为[66]
* 泠[407670050]今日人品值为[92]
* muri单推人[1156477720]今日人品值为[85]
* ZhuoqianGG[1729764254]今日人品值为[80]
* 鵺[752945812]今日人品值为[73]
* 大家好我是火星来的废物[1193607510]今日人品值为[78]
* kamimomo[925502038]今日人品值为[54]
* Tiny White[3426285834]今日人品值为[88]
* 刚玉[3045316997]今日人品值为[91]
* ♠️ZhuoQianGG[420595892]今日人品值为[74]
