* Railgun对1周目Boss1造成1001563伤害 剩余血量 [4998437]
* 菠萝灵波对1周目Boss1造成1003510伤害 剩余血量 [3994927]
* Railgun对1周目Boss1造成748862伤害 剩余血量 [3246065]
* 珈百璃对1周目Boss1造成1033634伤害 剩余血量 [2212431]
* Shiro对1周目Boss1造成656086伤害 剩余血量 [1556345]
* 永远滴神对1周目Boss1造成928027伤害 剩余血量 [628318]
* 永远滴神对1周目Boss1造成628318伤害 当前Boss已被击败
* 哈卡对1周目Boss2造成823102伤害 剩余血量 [7176898]
* Railgun对1周目Boss2造成1007893伤害 剩余血量 [6169005]
* 永远滴神对1周目Boss2造成227888伤害 剩余血量 [5941117]
* 泠泠（hh剑，这就是星辰大海啊）对1周目Boss2造成999339伤害 剩余血量 [4941778]
* 永远滴神对1周目Boss2造成606947伤害 剩余血量 [4274137]
* 古拉顿对1周目Boss2造成1063382伤害 剩余血量 [3210755]
* 古拉顿对1周目Boss2造成995582伤害 剩余血量 [2215173]
* 珈百璃对1周目Boss2造成1014591伤害 剩余血量 [1200582]
* 古拉顿对1周目Boss2造成725329伤害 剩余血量 [475253]
* 刚玉狐对1周目Boss2造成535947伤害 当前Boss已被击败
* 刚玉狐对1周目Boss3造成109203伤害 剩余血量 [9890797]
* 在?看看熊猫对1周目Boss3造成753311伤害 剩余血量 [9137486]
* 沫凉对1周目Boss3造成1014378伤害 剩余血量 [8123108]
* 虚空的风灯对1周目Boss3造成977106伤害 剩余血量 [7146002]
* 霸王黄龙对1周目Boss3造成883755伤害 剩余血量 [6262247]
* 在?看看熊猫对1周目Boss3造成594863伤害 剩余血量 [5667384]
* 霸王黄龙对1周目Boss3造成887042伤害 剩余血量 [4780342]
* ﹍僅此而已ミ对1周目Boss3造成937885伤害 剩余血量 [3842457]
* 菠萝灵波对1周目Boss3造成797772伤害 剩余血量 [3044685]
* 刚玉狐对1周目Boss3造成960402伤害 剩余血量 [2084283]
* 圣骑之痕对1周目Boss3造成982554伤害 剩余血量 [1101729]
* 在?看看熊猫对1周目Boss3造成489959伤害 剩余血量 [611770]
* 圣骑之痕对1周目Boss3造成611770伤害 当前Boss已被击败
* 圣骑之痕对1周目Boss4造成301541伤害 剩余血量 [11698459]
* 虚空的风灯对1周目Boss4造成931888伤害 剩余血量 [10766571]
* 圣骑之痕对1周目Boss4造成559127伤害 剩余血量 [10207444]
* Shiro对1周目Boss4造成934484伤害 剩余血量 [9272960]
* 【蜗牛】莉玛Official对1周目Boss4造成1022174伤害 剩余血量 [8250786]
* 虚空的风灯对1周目Boss4造成687368伤害 剩余血量 [7563418]
* 霸王黄龙对1周目Boss4造成1030027伤害 剩余血量 [6533391]
* Luxerion对1周目Boss4造成584637伤害 剩余血量 [5948754]
* Luxerion对1周目Boss4造成833145伤害 剩余血量 [5115609]
* 温泉对1周目Boss4造成1032137伤害 剩余血量 [4083472]
* 霸王黄龙对1周目Boss4造成921781伤害 剩余血量 [3161691]
* Luxerion对1周目Boss4造成664994伤害 剩余血量 [2496697]
* 沫凉对1周目Boss4造成938952伤害 剩余血量 [1557745]
* 警觉的食材对1周目Boss4造成733274伤害 剩余血量 [824471]
* 麻绳小桥对1周目Boss4造成824471伤害 当前Boss已被击败
* 麻绳小桥对1周目Boss5造成65427伤害 剩余血量 [19934573]
* 无期对1周目Boss5造成966427伤害 剩余血量 [18968146]
* 麻绳小桥对1周目Boss5造成831958伤害 剩余血量 [18136188]
* 无期对1周目Boss5造成811297伤害 剩余血量 [17324891]
* 泉对1周目Boss5造成906942伤害 剩余血量 [16417949]
* 菠萝灵波对1周目Boss5造成685291伤害 剩余血量 [15732658]
* 温泉对1周目Boss5造成784614伤害 剩余血量 [14948044]
* Ar.ak对1周目Boss5造成977026伤害 剩余血量 [13971018]
* 温泉对1周目Boss5造成574932伤害 剩余血量 [13396086]
* 沫凉对1周目Boss5造成635761伤害 剩余血量 [12760325]
* 我就叫柚子对1周目Boss5造成1044594伤害 剩余血量 [11715731]
* Ar.ak对1周目Boss5造成971551伤害 剩余血量 [10744180]
* 泉对1周目Boss5造成897931伤害 剩余血量 [9846249]
* 血与泪对1周目Boss5造成989298伤害 剩余血量 [8856951]
* 我就叫柚子对1周目Boss5造成990500伤害 剩余血量 [7866451]
* 泉对1周目Boss5造成703797伤害 剩余血量 [7162654]
* 我就叫柚子对1周目Boss5造成740440伤害 剩余血量 [6422214]
* 血与泪对1周目Boss5造成749578伤害 剩余血量 [5042142]
* 珈百璃对1周目Boss5造成815862伤害 剩余血量 [4226280]
* 泠泠（hh剑，这就是星辰大海啊）对1周目Boss5造成920961伤害 剩余血量 [3305319]
* 刚玉狐对1周目Boss5造成940616伤害 剩余血量 [2364703]
* 泠泠（hh剑，这就是星辰大海啊）对1周目Boss5造成617346伤害 剩余血量 [1747357]
* 霸王黄龙对1周目Boss5造成771641伤害 剩余血量 [975716]
* Shiro对1周目Boss5造成751357伤害 剩余血量 [224359]
* 霸王黄龙对1周目Boss5造成224359伤害 当前Boss已被击败
* 霸王黄龙对2周目Boss1造成324268伤害 剩余血量 [5675732]
2020-06-30 21:14:22 [8]  警觉的食材第[1]刀整刀,对2周目Boss1造成987,361伤害,剩余血量[4,688,371]
2020-06-30 21:36:43 [8]  扎克 特兰提斯第[1]刀整刀,对2周目Boss1造成1,011,951伤害,剩余血量[3,676,420]
2020-06-30 21:39:01 [8]  扎克 特兰提斯第[2]刀整刀,对2周目Boss1造成424,625伤害,剩余血量[3,251,795]
2020-06-30 21:55:01 [8]  Anemone第[1]刀整刀,对2周目Boss1造成890,008伤害,剩余血量[2,361,787]
2020-06-30 22:00:47 [8]  Anemone第[2]刀整刀,对2周目Boss1造成639,331伤害,剩余血量[1,722,456]
2020-06-30 22:12:05 [8]  Anemone第[3]刀整刀,对2周目Boss1造成419,231伤害,剩余血量[1,303,225]
2020-06-30 22:37:05 [8]  扎克 特兰提斯第[3]刀整刀,对2周目Boss1造成641,041伤害,剩余血量[662,184]
2020-06-30 23:00:46 [8]  SEAREA第[0.5]刀尾刀,对2周目Boss2造成662,184伤害
2020-06-30 23:07:05 [8]  SEAREA第[1.0]刀补刀,对2周目Boss2造成35,608伤害,剩余血量[7,964,392]
2020-06-30 23:20:27 [8]  警觉的食材第[3]刀整刀,对2周目Boss2造成995,538伤害,剩余血量[6,968,854]
2020-06-30 23:40:10 [8]  麻绳小桥第[3]刀整刀,对2周目Boss2造成619,018伤害,剩余血量[6,349,836]
2020-07-01 00:00:05 [8]  SEAREA第[2.0]刀整刀,对2周目Boss2造成653,179伤害,剩余血量[5,696,657]
2020-07-01 00:11:00 [8]  哈卡第[2]刀整刀,对2周目Boss2造成737,679伤害,剩余血量[4,958,978]
2020-07-01 00:13:37 [8]  哈卡第[3]刀整刀,对2周目Boss2造成553,191伤害,剩余血量[4,405,787]
2020-07-01 00:16:11 [8]  雾雨十六夜第[1]刀整刀,对2周目Boss2造成1,015,200伤害,剩余血量[3,390,587]
2020-07-01 00:20:38 [8]  SEAREA第[3.0]刀整刀,对2周目Boss2造成527,152伤害,剩余血量[2,863,435]
2020-07-01 00:26:35 [8]  Ar.ak第[3]刀整刀,对2周目Boss2造成[630,494]伤害,剩余血量[2,232,941]
2020-07-01 00:43:46 [8]  雾雨十六夜第[2]刀整刀,对2周目Boss2造成[436,389]伤害,剩余血量[1,796,552]
2020-07-01 01:10:07 [8]  拉贝特第[1]刀整刀,对2周目Boss2造成[997,890]伤害,剩余血量[798,662]
2020-07-01 01:39:46 [8]  【蜗牛】莉玛Official第[2]刀整刀,对2周目Boss2造成[843,348]伤害,剩余血量[585,817]
2020-07-01 01:53:43 [8]  【蜗牛】莉玛Official第[2.5]刀尾刀,对2周目Boss3造成[585,817]伤害,当前Boss已被击杀
2020-07-01 01:54:34 [8]  【蜗牛】莉玛Official第[3.0]刀补刀,对2周目Boss3造成[62,155]伤害,剩余血量[9,937,845]
2020-07-01 02:17:55 [8]  无期第[3]刀整刀,对2周目Boss3造成[335,234]伤害,剩余血量[9,602,611]
2020-07-01 02:22:34 [8]  雾雨十六夜第[3]刀整刀,对2周目Boss3造成[232,813]伤害,剩余血量[9,369,798]
2020-07-01 03:03:10 [8]  拉贝特第[2]刀整刀,对2周目Boss3造成[746,896]伤害,剩余血量[8,622,902]
2020-07-01 03:03:30 [8]  拉贝特第[3]刀整刀,对2周目Boss3造成[379,565]伤害,剩余血量[8,243,337]
===============
Day Change
=====================
===============
Day Change
=====================
===============
Day Change
=====================
===============
Day Change
=====================
===============
Day Change
=====================
===============
Day Change
=====================
===============
Day Change
=====================
===============
Day Change
=====================
===============
Day Change
=====================
===============
Day Change
=====================
===============
Day Change
=====================
===============
Day Change
=====================
===============
Day Change
=====================
===============
Day Change
=====================
===============
Day Change
=====================
===============
Day Change
=====================
===============
Day Change
=====================
===============
Day Change
=====================
===============
Day Change
=====================
===============
Day Change
=====================
===============
Day Change
=====================
===============
Day Change
=====================
===============
Day Change
=====================
===============
Day Change
=====================
===============
Day Change
=====================
===============
Day Change
=====================
===============
Day Change
=====================
===============
Day Change
=====================
===============
Day Change
=====================
===============
Day Change
=====================
===============
Day Change
=====================
===============
Day Change
=====================
===============
Day Change
=====================
===============
Day Change
=====================
===============
Day Change
=====================
===============
Day Change
=====================
===============
Day Change
=====================
===============
Day Change
=====================
===============
Day Change
=====================
===============
Day Change
=====================
===============
Day Change
=====================
===============
Day Change
=====================
===============
Day Change
=====================
===============
Day Change
=====================
===============
Day Change
=====================
===============
Day Change
=====================
===============
Day Change
=====================
===============
Day Change
=====================
===============
Day Change
=====================
===============
Day Change
=====================
===============
Day Change
=====================
===============
Day Change
=====================
===============
Day Change
=====================
===============
Day Change
=====================
===============
Day Change
=====================
===============
Day Change
=====================
===============
Day Change
=====================
===============
Day Change
=====================
===============
Day Change
=====================
===============
Day Change
=====================
===============
Day Change
=====================
===============
Day Change
=====================
===============
Day Change
=====================
===============
Day Change
=====================
===============
Day Change
=====================
===============
Day Change
=====================
===============
Day Change
=====================
===============
Day Change
=====================
===============
Day Change
=====================
===============
Day Change
=====================
===============
Day Change
=====================
===============
Day Change
=====================
===============
Day Change
=====================
===============
Day Change
=====================
===============
Day Change
=====================
===============
Day Change
=====================
===============
Day Change
=====================
===============
Day Change
=====================
===============
Day Change
=====================
===============
Day Change
=====================
===============
Day Change
=====================
===============
Day Change
=====================
===============
Day Change
=====================
===============
Day Change
=====================
===============
Day Change
=====================
===============
Day Change
=====================
===============
Day Change
=====================
===============
Day Change
=====================
===============
Day Change
=====================
===============
Day Change
=====================
===============
Day Change
=====================
===============
Day Change
=====================
===============
Day Change
=====================
===============
Day Change
=====================
===============
Day Change
=====================
===============
Day Change
=====================
===============
Day Change
=====================
===============
Day Change
=====================
===============
Day Change
=====================
===============
Day Change
=====================
===============
Day Change
=====================
===============
Day Change
=====================
===============
Day Change
=====================
===============
Day Change
=====================
===============
Day Change
=====================
===============
Day Change
=====================
===============
Day Change
=====================
===============
Day Change
=====================
===============
Day Change
=====================
===============
Day Change
=====================
===============
Day Change
=====================
===============
Day Change
=====================
===============
Day Change
=====================
===============
Day Change
=====================
===============
Day Change
=====================
===============
Day Change
=====================
===============
Day Change
=====================
===============
Day Change
=====================
===============
Day Change
=====================
===============
Day Change
=====================
===============
Day Change
=====================
===============
Day Change
=====================
===============
Day Change
=====================
===============
Day Change
=====================
===============
Day Change
=====================
===============
Day Change
=====================
===============
Day Change
=====================
===============
Day Change
=====================
===============
Day Change
=====================
===============
Day Change
=====================
===============
Day Change
=====================
===============
Day Change
=====================
===============
Day Change
=====================
===============
Day Change
=====================
===============
Day Change
=====================
===============
Day Change
=====================
===============
Day Change
=====================
===============
Day Change
=====================
===============
Day Change
=====================
===============
Day Change
=====================
===============
Day Change
=====================
===============
Day Change
=====================
===============
Day Change
=====================
===============
Day Change
=====================
===============
Day Change
=====================
===============
Day Change
=====================
===============
Day Change
=====================
===============
Day Change
=====================
===============
Day Change
=====================
===============
Day Change
=====================
===============
Day Change
=====================
===============
Day Change
=====================
===============
Day Change
=====================
===============
Day Change
=====================
===============
Day Change
=====================
===============
Day Change
=====================
===============
Day Change
=====================
===============
Day Change
=====================
===============
Day Change
=====================
===============
Day Change
=====================
===============
Day Change
=====================
===============
Day Change
=====================
===============
Day Change
=====================
===============
Day Change
=====================
===============
Day Change
=====================
===============
Day Change
=====================
===============
Day Change
=====================
===============
Day Change
=====================
===============
Day Change
=====================
===============
Day Change
=====================
===============
Day Change
=====================
===============
Day Change
=====================
===============
Day Change
=====================
===============
Day Change
=====================
===============
Day Change
=====================
===============
Day Change
=====================
===============
Day Change
=====================
===============
Day Change
=====================
===============
Day Change
=====================
===============
Day Change
=====================
===============
Day Change
=====================
===============
Day Change
=====================
===============
Day Change
=====================
===============
Day Change
=====================
===============
Day Change
=====================
===============
Day Change
=====================
===============
Day Change
=====================
===============
Day Change
=====================
===============
Day Change
=====================
===============
Day Change
=====================
===============
Day Change
=====================
===============
Day Change
=====================
===============
Day Change
=====================
===============
Day Change
=====================
===============
Day Change
=====================
===============
Day Change
=====================
===============
Day Change
=====================
===============
Day Change
=====================
===============
Day Change
=====================
===============
Day Change
=====================
===============
Day Change
=====================
===============
Day Change
=====================
===============
Day Change
=====================
===============
Day Change
=====================
===============
Day Change
=====================
===============
Day Change
=====================
===============
Day Change
=====================
===============
Day Change
=====================
===============
Day Change
=====================
===============
Day Change
=====================
===============
Day Change
=====================
===============
Day Change
=====================
===============
Day Change
=====================
===============
Day Change
=====================
===============
Day Change
=====================
===============
Day Change
=====================
===============
Day Change
=====================
===============
Day Change
=====================
===============
Day Change
=====================
===============
Day Change
=====================
===============
Day Change
=====================
===============
Day Change
=====================
===============
Day Change
=====================
===============
Day Change
=====================
===============
Day Change
=====================
===============
Day Change
=====================
===============
Day Change
=====================
===============
Day Change
=====================
===============
Day Change
=====================
===============
Day Change
=====================
===============
Day Change
=====================
===============
Day Change
=====================
===============
Day Change
=====================
===============
Day Change
=====================
===============
Day Change
=====================
===============
Day Change
=====================
===============
Day Change
=====================
===============
Day Change
=====================
===============
Day Change
=====================
===============
Day Change
=====================
===============
Day Change
=====================
===============
Day Change
=====================
===============
Day Change
=====================
===============
Day Change
=====================
===============
Day Change
=====================
===============
Day Change
=====================
===============
Day Change
=====================
===============
Day Change
=====================
===============
Day Change
=====================
===============
Day Change
=====================
===============
Day Change
=====================
===============
Day Change
=====================
===============
Day Change
=====================
===============
Day Change
=====================
===============
Day Change
=====================
===============
Day Change
=====================
===============
Day Change
=====================
===============
Day Change
=====================
===============
Day Change
=====================
===============
Day Change
=====================
===============
Day Change
=====================
===============
Day Change
=====================
===============
Day Change
=====================
===============
Day Change
=====================
===============
Day Change
=====================
===============
Day Change
=====================
===============
Day Change
=====================
===============
Day Change
=====================
===============
Day Change
=====================
===============
Day Change
=====================
===============
Day Change
=====================
===============
Day Change
=====================
===============
Day Change
=====================
===============
Day Change
=====================
===============
Day Change
=====================
===============
Day Change
=====================
===============
Day Change
=====================
===============
Day Change
=====================
===============
Day Change
=====================
===============
Day Change
=====================
===============
Day Change
=====================
===============
Day Change
=====================
===============
Day Change
=====================
===============
Day Change
=====================
===============
Day Change
=====================
===============
Day Change
=====================
===============
Day Change
=====================
===============
Day Change
=====================
===============
Day Change
=====================
===============
Day Change
=====================
===============
Day Change
=====================
===============
Day Change
=====================
===============
Day Change
=====================
===============
Day Change
=====================
===============
Day Change
=====================
===============
Day Change
=====================
===============
Day Change
=====================
===============
Day Change
=====================
===============
Day Change
=====================
===============
Day Change
=====================
===============
Day Change
=====================
===============
Day Change
=====================
===============
Day Change
=====================
===============
Day Change
=====================
===============
Day Change
=====================
===============
Day Change
=====================
===============
Day Change
=====================
===============
Day Change
=====================
===============
Day Change
=====================
===============
Day Change
=====================
===============
Day Change
=====================
===============
Day Change
=====================
===============
Day Change
=====================
===============
Day Change
=====================
===============
Day Change
=====================
===============
Day Change
=====================
===============
Day Change
=====================
===============
Day Change
=====================
===============
Day Change
=====================
===============
Day Change
=====================
===============
Day Change
=====================
===============
Day Change
=====================
===============
Day Change
=====================
===============
Day Change
=====================
===============
Day Change
=====================
===============
Day Change
=====================
===============
Day Change
=====================
===============
Day Change
=====================
===============
Day Change
=====================
===============
Day Change
=====================
===============
Day Change
=====================
===============
Day Change
=====================
===============
Day Change
=====================
===============
Day Change
=====================
===============
Day Change
=====================
===============
Day Change
=====================
===============
Day Change
=====================
===============
Day Change
=====================
===============
Day Change
=====================
===============
Day Change
=====================
===============
Day Change
=====================
===============
Day Change
=====================
===============
Day Change
=====================
===============
Day Change
=====================
===============
Day Change
=====================
===============
Day Change
=====================
===============
Day Change
=====================
===============
Day Change
=====================
===============
Day Change
=====================
===============
Day Change
=====================
===============
Day Change
=====================
===============
Day Change
=====================
===============
Day Change
=====================
===============
Day Change
=====================
===============
Day Change
=====================
===============
Day Change
=====================
===============
Day Change
=====================
===============
Day Change
=====================
===============
Day Change
=====================
===============
Day Change
=====================
===============
Day Change
=====================
===============
Day Change
=====================
===============
Day Change
=====================
===============
Day Change
=====================
===============
Day Change
=====================
===============
Day Change
=====================
===============
Day Change
=====================
===============
Day Change
=====================
===============
Day Change
=====================
===============
Day Change
=====================
===============
Day Change
=====================
===============
Day Change
=====================
===============
Day Change
=====================
===============
Day Change
=====================
===============
Day Change
=====================
===============
Day Change
=====================
===============
Day Change
=====================
===============
Day Change
=====================
===============
Day Change
=====================
===============
Day Change
=====================
===============
Day Change
=====================
===============
Day Change
=====================
===============
Day Change
=====================
===============
Day Change
=====================
===============
Day Change
=====================
===============
Day Change
=====================
===============
Day Change
=====================
===============
Day Change
=====================
===============
Day Change
=====================
===============
Day Change
=====================
===============
Day Change
=====================
===============
Day Change
=====================
===============
Day Change
=====================
===============
Day Change
=====================
===============
Day Change
=====================
===============
Day Change
=====================
===============
Day Change
=====================
===============
Day Change
=====================
===============
Day Change
=====================
===============
Day Change
=====================
===============
Day Change
=====================
===============
Day Change
=====================
===============
Day Change
=====================
===============
Day Change
=====================
===============
Day Change
=====================
===============
Day Change
=====================
===============
Day Change
=====================
===============
Day Change
=====================
===============
Day Change
=====================
===============
Day Change
=====================
===============
Day Change
=====================
===============
Day Change
=====================
===============
Day Change
=====================
===============
Day Change
=====================
===============
Day Change
=====================
===============
Day Change
=====================
===============
Day Change
=====================
===============
Day Change
=====================
===============
Day Change
=====================
===============
Day Change
=====================
===============
Day Change
=====================
===============
Day Change
=====================
===============
Day Change
=====================
===============
Day Change
=====================
===============
Day Change
=====================
===============
Day Change
=====================
===============
Day Change
=====================
===============
Day Change
=====================
===============
Day Change
=====================
===============
Day Change
=====================
===============
Day Change
=====================
===============
Day Change
=====================
===============
Day Change
=====================
===============
Day Change
=====================
===============
Day Change
=====================
===============
Day Change
=====================
===============
Day Change
=====================
===============
Day Change
=====================
===============
Day Change
=====================
===============
Day Change
=====================
===============
Day Change
=====================
===============
Day Change
=====================
===============
Day Change
=====================
===============
Day Change
=====================
===============
Day Change
=====================
===============
Day Change
=====================
===============
Day Change
=====================
===============
Day Change
=====================
===============
Day Change
=====================
===============
Day Change
=====================
===============
Day Change
=====================
===============
Day Change
=====================
===============
Day Change
=====================
===============
Day Change
=====================
===============
Day Change
=====================
===============
Day Change
=====================
===============
Day Change
=====================
===============
Day Change
=====================
===============
Day Change
=====================
===============
Day Change
=====================
===============
Day Change
=====================
===============
Day Change
=====================
===============
Day Change
=====================
===============
Day Change
=====================
===============
Day Change
=====================
===============
Day Change
=====================
===============
Day Change
=====================
===============
Day Change
=====================
===============
Day Change
=====================
===============
Day Change
=====================
===============
Day Change
=====================
===============
Day Change
=====================
===============
Day Change
=====================
===============
Day Change
=====================
===============
Day Change
=====================
===============
Day Change
=====================
===============
Day Change
=====================
===============
Day Change
=====================
===============
Day Change
=====================
===============
Day Change
=====================
===============
Day Change
=====================
===============
Day Change
=====================
===============
Day Change
=====================
===============
Day Change
=====================
===============
Day Change
=====================
===============
Day Change
=====================
===============
Day Change
=====================
===============
Day Change
=====================
===============
Day Change
=====================
===============
Day Change
=====================
===============
Day Change
=====================
2020-07-01 08:31:53 [8]  永远滴神第[1]刀整刀,对2周目Boss3造成[643,104]伤害,剩余血量[7,600,233]
2020-07-01 08:43:54 [8]  菠萝灵波第[1]刀整刀,对2周目Boss3造成[402,953]伤害,剩余血量[7,197,280]
2020-07-01 09:34:46 [8]  警觉的食材第[1]刀整刀,对2周目Boss3造成[699,982]伤害,剩余血量[6,497,298]
