[ra]2020-06-18 01:58:41 [8] 咕[1051835124]在群[113847626]进行了一次成功率50%的月卡检定 出目[42]成功
[ra]2020-06-18 01:58:41 [8] 桃桃 永远滴神[2935887687]在群[792024525]进行了一次成功率70%的检定 出目[72]失败
[ra]2020-06-18 20:19:07 [8] 桃桃 永远滴神[2935887687]在群[792024525]进行了一次成功率1%的检定 出目[56]失败
[rd]2020-06-21 12:22:48 [8] 白糖[3426285834]在群[596404376]投掷了一次骰子(+d)，出目[42]
[rd]2020-06-22 11:44:50 [8] 萌新[1150640066]在群[596404376]投掷了一次骰子(+d)，出目[47]
[ra]2020-06-23 09:17:29 [8] Tiny White[3426285834]在群[792024525]进行了一次成功率99%的???检定(9) 奖励骰[5, 4, 1] 出目[9]极难成功
[ra]2020-06-23 09:19:14 [8] 白糖[3426285834]在群[596404376]进行了一次成功率99%的???检定(87) 奖励骰[4, 7, 8] 出目[47]困难成功
[rd]2020-06-23 18:12:13 [8] 咕[1051835124]在群[113847626]投掷了一次骰子(+d2)，出目[1]
[rd]2020-06-24 18:11:55 [8] 泠[407670050]在群[792024525]投掷了一次骰子(+d)，出目[28]
[rd]2020-06-24 18:12:58 [8] 鵺[752945812]在群[792024525]投掷了一次骰子(+d)，出目[9]
[rd]2020-06-24 18:15:15 [8] ZhuoqianGG[1729764254]在群[792024525]投掷了一次骰子(+d)，出目[84]
[rd]2020-06-24 18:15:20 [8] ZhuoqianGG[1729764254]在群[792024525]投掷了一次骰子(+d10)，出目[3]
[rd]2020-06-24 18:16:33 [8] 鵺[752945812]在群[792024525]投掷了一次骰子(+d)，出目[63]
[rd]2020-06-24 18:16:54 [8] 刚玉[3045316997]在群[792024525]投掷了一次骰子(+d)，出目[52]
[rd]2020-06-24 18:17:17 [8] 鵺[752945812]在群[792024525]投掷了一次骰子(+d10)，出目[7]
[rd]2020-06-24 18:21:36 [8] ZhuoqianGG[1729764254]在群[792024525]投掷了一次骰子(+3d6)，出目[9]
[rd]2020-06-24 18:30:51 [8] 桃桃 永远滴神[2935887687]在群[792024525]投掷了一次骰子(+3d6)，出目[14]
[rd]2020-06-24 18:30:58 [8] 桃桃 永远滴神[2935887687]在群[792024525]投掷了一次骰子(+3d6)，出目[5]
[rd]2020-06-24 18:41:27 [8] 刚玉[3045316997]在群[792024525]投掷了一次骰子(+3d6)，出目[10]
[rd]2020-06-24 18:42:27 [8] 即将拥有天九的蓝毒[752945812]在群[792024525]投掷了一次骰子(+3d6)，出目[5]
[ra]2020-06-24 20:46:38 [8] 叶难飞[752945812]在群[792024525]进行了一次成功率70%的检定 出目[54]成功
[ra]2020-06-24 20:55:09 [8] 高木茂[1729764254]在群[792024525]进行了一次成功率50%的检定 出目[45]成功
[ra]2020-06-24 20:58:00 [8] 高木茂[1729764254]在群[792024525]进行了一次成功率55%的检定 出目[59]失败
[ra]2020-06-24 21:02:48 [8] 雨宮のぞみ[2935887687]在群[792024525]进行了一次成功率80%的检定 出目[17]困难成功
[ra]2020-06-24 21:07:07 [8] 宫下舞[3045316997]在群[792024525]进行了一次成功率50%的检定 出目[90]失败
[ra]2020-06-24 21:37:16 [8] 高木茂[1729764254]在群[792024525]进行了一次成功率50%的检定 出目[72]失败
[ra]2020-06-24 21:41:05 [8] 叶难飞[752945812]在群[792024525]进行了一次成功率70%的检定 出目[18]困难成功
[rh]2020-06-24 21:46:41 [8] 泠[407670050]在群[792024525]投掷了一次骰子(+d)，出目[66]
[rd]2020-06-24 23:43:01 [8] 雨宮のぞみ[2935887687]在群[792024525]投掷了一次骰子(+8d5)，出目[23]
